2015-01-22 22:02:45.491+0000 DEBUG [API] You are using an unsupported Java runtime. Please use Oracle(R) Java(TM) Runtime Environment 7.
2015-01-22 22:02:45.682+0000 INFO  [API] Setting startup timeout to: 120000ms based on -1
Detected incorrectly shut down database, performing recovery..
17:02:45.823 [main] WARN  o.neo4j.kernel.EmbeddedGraphDatabase - You are using an unsupported Java runtime. Please use Oracle(R) Java(TM) Runtime Environment 7.
2015-01-22 22:02:47.351+0000 INFO  [API] Successfully started database
2015-01-22 22:02:48.116+0000 INFO  [API] Starting HTTP on port :7474 with 60 threads available
2015-01-22 22:02:48.403+0000 INFO  [API] Enabling HTTPS on port :7473
2015-01-22 22:02:48.671+0000 INFO  [API] Mounted discovery module at [/]
2015-01-22 22:02:48.684+0000 INFO  [API] Mounted REST API at [/db/data/]
2015-01-22 22:02:48.688+0000 INFO  [API] Mounted management API at [/db/manage/]
2015-01-22 22:02:48.689+0000 INFO  [API] Mounted webadmin at [/webadmin]
2015-01-22 22:02:48.690+0000 INFO  [API] Mounted Neo4j Browser at [/browser]
2015-01-22 22:02:48.757+0000 INFO  [API] Mounting static content at [/webadmin] from [webadmin-html]
2015-01-22 22:02:48.851+0000 INFO  [API] Mounting static content at [/browser] from [browser]
17:02:48.853 [main] WARN  o.e.j.server.handler.ContextHandler - o.e.j.s.ServletContextHandler@4e0d43fb{/,null,null} contextPath ends with /
17:02:48.853 [main] WARN  o.e.j.server.handler.ContextHandler - Empty contextPath
17:02:48.855 [main] INFO  org.eclipse.jetty.server.Server - jetty-9.0.5.v20130815
17:02:48.885 [main] INFO  o.e.j.server.handler.ContextHandler - Started o.e.j.s.h.MovedContextHandler@62593ee5{/,null,AVAILABLE}
17:02:48.991 [main] INFO  o.e.j.w.StandardDescriptorProcessor - NO JSP Support for /webadmin, did not find org.apache.jasper.servlet.JspServlet
17:02:49.004 [main] INFO  o.e.j.server.handler.ContextHandler - Started o.e.j.w.WebAppContext@61a084d7{/webadmin,jar:file:/home/sagneta/workspace/openshift-neo4j-cart/versions/2.0.1/system/lib/neo4j-server-2.0.1-static-web.jar!/webadmin-html,AVAILABLE}
17:02:49.493 [main] INFO  o.e.j.server.handler.ContextHandler - Started o.e.j.s.ServletContextHandler@7e62f8bc{/db/manage,null,AVAILABLE}
17:02:49.776 [main] INFO  o.e.j.server.handler.ContextHandler - Started o.e.j.s.ServletContextHandler@1051638a{/db/data,null,AVAILABLE}
17:02:49.800 [main] INFO  o.e.j.w.StandardDescriptorProcessor - NO JSP Support for /browser, did not find org.apache.jasper.servlet.JspServlet
17:02:49.802 [main] INFO  o.e.j.server.handler.ContextHandler - Started o.e.j.w.WebAppContext@2a12c262{/browser,jar:file:/home/sagneta/workspace/openshift-neo4j-cart/versions/2.0.1/system/lib/neo4j-browser-2.0.1.jar!/browser,AVAILABLE}
17:02:49.907 [main] INFO  o.e.j.server.handler.ContextHandler - Started o.e.j.s.ServletContextHandler@4e0d43fb{/,null,AVAILABLE}
17:02:49.917 [main] INFO  o.e.jetty.server.ServerConnector - Started ServerConnector@1d411403{HTTP/1.1}{localhost:7474}
17:02:50.025 [main] INFO  o.e.jetty.server.ServerConnector - Started ServerConnector@52743223{SSL-HTTP/1.1}{localhost:7473}
2015-01-22 22:02:50.027+0000 INFO  [API] Remote interface ready and available at [http://localhost:7474/]
2015-01-22 22:02:54.903+0000 INFO  [API] Neo4j Server shutdown initiated by request
17:02:54.916 [Thread-27] INFO  o.e.jetty.server.ServerConnector - Stopped ServerConnector@1d411403{HTTP/1.1}{localhost:7474}
17:02:54.921 [Thread-27] INFO  o.e.jetty.server.ServerConnector - Stopped ServerConnector@52743223{SSL-HTTP/1.1}{localhost:7473}
17:02:54.923 [Thread-27] INFO  o.e.j.server.handler.ContextHandler - Stopped o.e.j.s.ServletContextHandler@4e0d43fb{/,null,UNAVAILABLE}
17:02:54.927 [Thread-27] INFO  o.e.j.server.handler.ContextHandler - Stopped o.e.j.w.WebAppContext@2a12c262{/browser,jar:file:/home/sagneta/workspace/openshift-neo4j-cart/versions/2.0.1/system/lib/neo4j-browser-2.0.1.jar!/browser,UNAVAILABLE}
17:02:54.928 [Thread-27] INFO  o.e.j.server.handler.ContextHandler - Stopped o.e.j.s.ServletContextHandler@1051638a{/db/data,null,UNAVAILABLE}
17:02:54.929 [Thread-27] INFO  o.e.j.server.handler.ContextHandler - Stopped o.e.j.s.ServletContextHandler@7e62f8bc{/db/manage,null,UNAVAILABLE}
17:02:54.931 [Thread-27] INFO  o.e.j.server.handler.ContextHandler - Stopped o.e.j.w.WebAppContext@61a084d7{/webadmin,jar:file:/home/sagneta/workspace/openshift-neo4j-cart/versions/2.0.1/system/lib/neo4j-server-2.0.1-static-web.jar!/webadmin-html,UNAVAILABLE}
17:02:54.931 [Thread-27] INFO  o.e.j.server.handler.ContextHandler - Stopped o.e.j.s.h.MovedContextHandler@62593ee5{/,null,UNAVAILABLE}
